::1 - - [29/Oct/2020:21:50:02 -0300] "GET /phpmyadmin HTTP/1.1" 301 241
::1 - - [29/Oct/2020:21:50:02 -0300] "GET /phpmyadmin/ HTTP/1.1" 200 8548
::1 - - [29/Oct/2020:21:50:03 -0300] "GET /phpmyadmin/themes/pmahomme/jquery/jquery-ui-1.9.2.custom.css HTTP/1.1" 200 32278
::1 - - [29/Oct/2020:21:50:03 -0300] "GET /phpmyadmin/phpmyadmin.css.php?server=1&lang=pt&collation_connection=utf8_general_ci&token=2611874af8c65d095dc64a905d67128b&nocache=4125195912ltr HTTP/1.1" 200 88608
::1 - - [29/Oct/2020:21:50:03 -0300] "GET /phpmyadmin/js/get_image.js.php?theme=pmahomme HTTP/1.1" 200 6263
::1 - - [29/Oct/2020:21:50:03 -0300] "GET /phpmyadmin/js/messages.php?lang=pt&db=&server=0&collation_connection=utf8_general_ci&token=3f353edd775b9fe99b2a5ad202f9e7b0 HTTP/1.1" 200 18103
::1 - - [29/Oct/2020:21:50:03 -0300] "GET /phpmyadmin/themes/pmahomme/img/logo_right.png HTTP/1.1" 200 4548
::1 - - [29/Oct/2020:21:50:03 -0300] "GET /phpmyadmin/themes/dot.gif HTTP/1.1" 200 43
::1 - - [29/Oct/2020:21:50:03 -0300] "GET /phpmyadmin/js/get_scripts.js.php?scripts[]=jquery/jquery-1.8.3.js&scripts[]=ajax.js&scripts[]=keyhandler.js&scripts[]=jquery/jquery-ui-1.9.2.custom.js&scripts[]=jquery/jquery.sprintf.js&scripts[]=jquery/jquery.cookie.js&scripts[]=jquery/jquery.mousewheel.js&scripts[]=jquery/jquery.event.drag-2.2.js&scripts[]=jquery/jquery-ui-timepicker-addon.js&scripts[]=jquery/jquery.ba-hashchange-1.3.js&scripts[]=jquery/jquery.debounce-1.0.5.js&scripts[]=jquery/jquery.menuResizer-1.0.js&scripts[]=rte.js&scripts[]=functions.js&scripts[]=navigation.js&scripts[]=indexes.js&scripts[]=common.js&scripts[]=codemirror/lib/codemirror.js&scripts[]=codemirror/mode/mysql/mysql.js HTTP/1.1" 200 578562
::1 - - [29/Oct/2020:21:50:03 -0300] "GET /phpmyadmin/themes/pmahomme/img/sprites.png HTTP/1.1" 200 61899
::1 - - [29/Oct/2020:21:50:04 -0300] "GET /phpmyadmin/favicon.ico HTTP/1.1" 200 18902
::1 - - [29/Oct/2020:21:50:11 -0300] "POST /phpmyadmin/index.php HTTP/1.1" 302 -
::1 - - [29/Oct/2020:21:50:11 -0300] "GET /phpmyadmin/index.php?token=2611874af8c65d095dc64a905d67128b HTTP/1.1" 200 48418
::1 - - [29/Oct/2020:21:50:11 -0300] "GET /phpmyadmin/phpmyadmin.css.php?server=1&token=2611874af8c65d095dc64a905d67128b&nocache=5729214923ltr HTTP/1.1" 200 88608
::1 - - [29/Oct/2020:21:50:11 -0300] "GET /phpmyadmin/js/messages.php?lang=pt&db=&server=0&token=2611874af8c65d095dc64a905d67128b HTTP/1.1" 200 18103
::1 - - [29/Oct/2020:21:50:11 -0300] "GET /phpmyadmin/themes/pmahomme/img/ajax_clock_small.gif HTTP/1.1" 200 1810
::1 - - [29/Oct/2020:21:50:11 -0300] "GET /phpmyadmin/themes/pmahomme/img/logo_left.png HTTP/1.1" 200 2327
::1 - - [29/Oct/2020:21:50:11 -0300] "GET /phpmyadmin/themes/pmahomme/img/left_nav_bg.png HTTP/1.1" 200 297
::1 - - [29/Oct/2020:21:50:11 -0300] "GET /phpmyadmin/version_check.php?&_nocache=1604019011811581671 HTTP/1.1" 200 39
::1 - - [29/Oct/2020:21:50:23 -0300] "GET /ADSoftware HTTP/1.1" 301 241
::1 - - [29/Oct/2020:21:50:23 -0300] "GET /ADSoftware/ HTTP/1.1" 200 306
::1 - - [29/Oct/2020:21:50:23 -0300] "GET /favicon.ico HTTP/1.1" 404 209
::1 - - [29/Oct/2020:21:50:25 -0300] "GET /ADSoftware/teste%20(2)/ HTTP/1.1" 200 7348
::1 - - [29/Oct/2020:21:50:25 -0300] "GET /ADSoftware/teste%20(2)/style.css HTTP/1.1" 200 1660
::1 - - [29/Oct/2020:21:50:25 -0300] "GET /ADSoftware/teste%20(2)/bootstrap/css/bootstrap.min.css.map HTTP/1.1" 200 562427
::1 - - [29/Oct/2020:21:50:25 -0300] "GET /ADSoftware/teste%20(2)/scripts/script.js HTTP/1.1" 404 236
::1 - - [29/Oct/2020:21:50:25 -0300] "GET /ADSoftware/teste%20(2)/imgs/carro_moto.png HTTP/1.1" 200 83046
::1 - - [29/Oct/2020:21:50:25 -0300] "GET /ADSoftware/teste%20(2)/imgs/cnh.jpeg HTTP/1.1" 200 63418
::1 - - [29/Oct/2020:21:50:25 -0300] "GET /ADSoftware/teste%20(2)/imgs/logo.png HTTP/1.1" 200 22403
::1 - - [29/Oct/2020:21:53:12 -0300] "GET /ADSoftware/teste%20(2)/bootstrap/css/bootstrap.css.map HTTP/1.1" 200 430003
::1 - - [29/Oct/2020:21:54:07 -0300] "GET /ADSoftware/teste%20(2)/ HTTP/1.1" 200 7338
::1 - - [29/Oct/2020:21:54:07 -0300] "GET /ADSoftware/teste%20(2)/scripts/script.js HTTP/1.1" 404 236
::1 - - [29/Oct/2020:21:54:09 -0300] "GET /ADSoftware/teste%20(2)/ HTTP/1.1" 304 -
::1 - - [29/Oct/2020:21:54:09 -0300] "GET /ADSoftware/teste%20(2)/scripts/script.js HTTP/1.1" 404 236
::1 - - [29/Oct/2020:21:54:10 -0300] "GET /ADSoftware/teste%20(2)/ HTTP/1.1" 304 -
::1 - - [29/Oct/2020:21:54:10 -0300] "GET /ADSoftware/teste%20(2)/scripts/script.js HTTP/1.1" 404 236
::1 - - [29/Oct/2020:21:54:16 -0300] "GET /ADSoftware/teste%20(2)/login.html HTTP/1.1" 200 1817
::1 - - [29/Oct/2020:21:54:19 -0300] "GET /ADSoftware/teste%20(2)/index.html HTTP/1.1" 200 7338
::1 - - [29/Oct/2020:21:54:19 -0300] "GET /ADSoftware/teste%20(2)/scripts/script.js HTTP/1.1" 404 236
::1 - - [29/Oct/2020:21:55:48 -0300] "GET /phpmyadmin/db_structure.php?server=1&db=autoescola&token=2611874af8c65d095dc64a905d67128b&ajax_request=true&ajax_page_request=true&menuHashes=97ff3884&_nocache=1604019348095115361 HTTP/1.1" 200 24463
::1 - - [29/Oct/2020:21:55:48 -0300] "GET /phpmyadmin/themes/pmahomme/img/arrow_ltr.png HTTP/1.1" 200 139
::1 - - [29/Oct/2020:21:55:48 -0300] "GET /phpmyadmin/js/get_scripts.js.php?scripts[]=db_structure.js&scripts[]=tbl_change.js HTTP/1.1" 200 12382
::1 - - [29/Oct/2020:21:55:51 -0300] "GET /phpmyadmin/sql.php?db=autoescola&token=2611874af8c65d095dc64a905d67128b&goto=db_structure.php&table=tb_login&pos=0&ajax_request=true&ajax_page_request=true&menuHashes=97ff3884-779ac869&_nocache=1604019351382536111 HTTP/1.1" 200 24896
::1 - - [29/Oct/2020:21:55:51 -0300] "GET /phpmyadmin/themes/pmahomme/img/s_fulltext.png HTTP/1.1" 200 193
::1 - - [29/Oct/2020:21:55:51 -0300] "GET /phpmyadmin/js/get_scripts.js.php?scripts[]=tbl_structure.js&scripts[]=gis_data_editor.js&scripts[]=makegrid.js&scripts[]=sql.js HTTP/1.1" 200 50287
::1 - - [29/Oct/2020:21:55:51 -0300] "GET /phpmyadmin/themes/pmahomme/img/col_pointer.png HTTP/1.1" 200 113
::1 - - [29/Oct/2020:21:55:51 -0300] "GET /phpmyadmin/themes/pmahomme/img/col_drop.png HTTP/1.1" 200 132
::1 - - [29/Oct/2020:21:55:51 -0300] "GET /phpmyadmin/index.php?ajax_request=1&recent_table=1&token=2611874af8c65d095dc64a905d67128b HTTP/1.1" 200 223
::1 - - [29/Oct/2020:21:55:54 -0300] "GET /phpmyadmin/db_structure.php?server=1&db=teste&token=2611874af8c65d095dc64a905d67128b&ajax_request=true&ajax_page_request=true&menuHashes=97ff3884-779ac869-4a198212&_nocache=1604019354229326271 HTTP/1.1" 200 5661
::1 - - [29/Oct/2020:21:55:58 -0300] "GET /phpmyadmin/db_sql.php?db=teste&token=2611874af8c65d095dc64a905d67128b&db_query_force=1&ajax_request=true&ajax_page_request=true&menuHashes=97ff3884-779ac869-4a198212-29cd504e&_nocache=1604019358055239069 HTTP/1.1" 200 7174
::1 - - [29/Oct/2020:21:55:59 -0300] "GET /phpmyadmin/db_search.php?db=teste&token=2611874af8c65d095dc64a905d67128b&ajax_request=true&ajax_page_request=true&menuHashes=97ff3884-779ac869-4a198212-29cd504e-d4ebd6ac&_nocache=1604019359045964290 HTTP/1.1" 200 8076
::1 - - [29/Oct/2020:21:55:59 -0300] "GET /phpmyadmin/js/get_scripts.js.php?scripts[]=db_search.js HTTP/1.1" 200 3430
::1 - - [29/Oct/2020:21:56:00 -0300] "GET /phpmyadmin/db_sql.php?db=teste&token=2611874af8c65d095dc64a905d67128b&db_query_force=1&ajax_request=true&ajax_page_request=true&menuHashes=97ff3884-779ac869-4a198212-29cd504e-d4ebd6ac-e96e1c8b&_nocache=1604019360006370487 HTTP/1.1" 200 3976
::1 - - [29/Oct/2020:21:56:00 -0300] "GET /phpmyadmin/db_structure.php?db=teste&token=2611874af8c65d095dc64a905d67128b&ajax_request=true&ajax_page_request=true&menuHashes=97ff3884-779ac869-4a198212-29cd504e-d4ebd6ac-e96e1c8b&_nocache=1604019360282101961 HTTP/1.1" 200 2461
::1 - - [29/Oct/2020:21:56:01 -0300] "GET /phpmyadmin/db_sql.php?db=teste&token=2611874af8c65d095dc64a905d67128b&db_query_force=1&ajax_request=true&ajax_page_request=true&menuHashes=97ff3884-779ac869-4a198212-29cd504e-d4ebd6ac-e96e1c8b&_nocache=1604019361985880716 HTTP/1.1" 200 3976
::1 - - [29/Oct/2020:21:56:15 -0300] "GET /phpmyadmin/server_privileges.php?db=teste&token=2611874af8c65d095dc64a905d67128b&checkprivs=teste&viewing_mode=db&ajax_request=true&ajax_page_request=true&menuHashes=97ff3884-779ac869-4a198212-29cd504e-d4ebd6ac-e96e1c8b&_nocache=1604019375116812692 HTTP/1.1" 200 7755
::1 - - [29/Oct/2020:21:56:15 -0300] "GET /phpmyadmin/js/get_scripts.js.php?scripts[]=server_privileges.js HTTP/1.1" 200 9268
::1 - - [29/Oct/2020:21:56:15 -0300] "GET /phpmyadmin/db_operations.php?db=teste&token=2611874af8c65d095dc64a905d67128b&ajax_request=true&ajax_page_request=true&menuHashes=97ff3884-779ac869-4a198212-29cd504e-d4ebd6ac-e96e1c8b-f518db16&_nocache=1604019375433106599 HTTP/1.1" 200 41126
::1 - - [29/Oct/2020:21:56:15 -0300] "GET /phpmyadmin/js/get_scripts.js.php?scripts[]=db_operations.js HTTP/1.1" 200 1854
::1 - - [29/Oct/2020:21:56:17 -0300] "GET /phpmyadmin/themes/pmahomme/jquery/images/ui-icons_222222_256x240.png HTTP/1.1" 200 4369
::1 - - [29/Oct/2020:21:56:17 -0300] "GET /phpmyadmin/themes/pmahomme/jquery/images/ui-bg_flat_75_ffffff_40x100.png HTTP/1.1" 200 178
::1 - - [29/Oct/2020:21:56:17 -0300] "GET /phpmyadmin/themes/pmahomme/jquery/images/ui-bg_highlight-soft_75_cccccc_1x100.png HTTP/1.1" 200 101
::1 - - [29/Oct/2020:21:56:17 -0300] "GET /phpmyadmin/themes/pmahomme/jquery/images/ui-bg_glass_75_e6e6e6_1x400.png HTTP/1.1" 200 110
::1 - - [29/Oct/2020:21:56:17 -0300] "GET /phpmyadmin/themes/pmahomme/jquery/images/ui-bg_flat_0_aaaaaa_40x100.png HTTP/1.1" 200 180
::1 - - [29/Oct/2020:21:56:17 -0300] "GET /phpmyadmin/themes/pmahomme/jquery/images/ui-bg_glass_75_dadada_1x400.png HTTP/1.1" 200 159
::1 - - [29/Oct/2020:21:56:22 -0300] "GET /phpmyadmin/themes/pmahomme/jquery/images/ui-bg_glass_65_ffffff_1x400.png HTTP/1.1" 200 105
::1 - - [29/Oct/2020:21:56:22 -0300] "GET /phpmyadmin/sql.php?sql_query=DROP+DATABASE+%60teste%60&back=db_operations.php&goto=index.php&reload=1&purge=1&message_to_show=A+base+de+dados+%60teste%60+foi+eliminada.&token=2611874af8c65d095dc64a905d67128b&is_js_confirmed=1&ajax_request=true&_nocache=1604019382660263849 HTTP/1.1" 200 1608
::1 - - [29/Oct/2020:21:56:22 -0300] "POST /phpmyadmin/navigation.php?ajax_request=1&token=2611874af8c65d095dc64a905d67128b HTTP/1.1" 200 1923
::1 - - [29/Oct/2020:21:56:22 -0300] "POST /phpmyadmin/navigation.php?ajax_request=1&token=2611874af8c65d095dc64a905d67128b HTTP/1.1" 200 1923
::1 - - [29/Oct/2020:21:56:22 -0300] "GET /phpmyadmin/server_databases.php?token=2611874af8c65d095dc64a905d67128b&server=1&db=&table=&ajax_request=true&ajax_page_request=true&menuHashes=779ac869-4a198212-29cd504e-d4ebd6ac-e96e1c8b-f518db16-255fb2c5&_nocache=160401938282087884 HTTP/1.1" 200 41013
::1 - - [29/Oct/2020:21:56:23 -0300] "GET /phpmyadmin/js/get_scripts.js.php?scripts[]=server_databases.js HTTP/1.1" 200 1818
::1 - - [29/Oct/2020:21:56:25 -0300] "GET /phpmyadmin/db_structure.php?server=1&db=hotel&token=2611874af8c65d095dc64a905d67128b&ajax_request=true&ajax_page_request=true&menuHashes=4a198212-29cd504e-d4ebd6ac-e96e1c8b-f518db16-255fb2c5-20285a5a&_nocache=1604019385781617666 HTTP/1.1" 200 5661
::1 - - [29/Oct/2020:21:56:27 -0300] "GET /phpmyadmin/db_sql.php?db=hotel&token=2611874af8c65d095dc64a905d67128b&db_query_force=1&ajax_request=true&ajax_page_request=true&menuHashes=25379530-29cd504e-d4ebd6ac-e96e1c8b-f518db16-255fb2c5-20285a5a&_nocache=1604019387432639506 HTTP/1.1" 200 7174
::1 - - [29/Oct/2020:21:56:28 -0300] "GET /phpmyadmin/db_structure.php?db=hotel&token=2611874af8c65d095dc64a905d67128b&ajax_request=true&ajax_page_request=true&menuHashes=25379530-d4ebd6ac-e96e1c8b-f518db16-255fb2c5-20285a5a-460cda34&_nocache=1604019388263422521 HTTP/1.1" 200 2461
::1 - - [29/Oct/2020:21:56:28 -0300] "GET /phpmyadmin/db_structure.php?server=1&db=hotel&token=2611874af8c65d095dc64a905d67128b&ajax_request=true&ajax_page_request=true&menuHashes=25379530-d4ebd6ac-e96e1c8b-f518db16-255fb2c5-20285a5a-460cda34&_nocache=1604019388997636250 HTTP/1.1" 200 2463
::1 - - [29/Oct/2020:21:56:29 -0300] "GET /phpmyadmin/db_structure.php?server=1&db=hotel&token=2611874af8c65d095dc64a905d67128b&ajax_request=true&ajax_page_request=true&menuHashes=25379530-d4ebd6ac-e96e1c8b-f518db16-255fb2c5-20285a5a-460cda34&_nocache=1604019389143972690 HTTP/1.1" 200 2463
::1 - - [29/Oct/2020:21:56:29 -0300] "GET /phpmyadmin/db_structure.php?server=1&db=hotel&token=2611874af8c65d095dc64a905d67128b&ajax_request=true&ajax_page_request=true&menuHashes=25379530-d4ebd6ac-e96e1c8b-f518db16-255fb2c5-20285a5a-460cda34&_nocache=1604019389720738095 HTTP/1.1" 200 2463
::1 - - [29/Oct/2020:21:56:29 -0300] "GET /phpmyadmin/db_structure.php?server=1&db=hotel&token=2611874af8c65d095dc64a905d67128b&ajax_request=true&ajax_page_request=true&menuHashes=25379530-d4ebd6ac-e96e1c8b-f518db16-255fb2c5-20285a5a-460cda34&_nocache=1604019389862746496 HTTP/1.1" 200 2463
::1 - - [29/Oct/2020:21:56:31 -0300] "GET /phpmyadmin/db_operations.php?db=hotel&token=2611874af8c65d095dc64a905d67128b&ajax_request=true&ajax_page_request=true&menuHashes=25379530-d4ebd6ac-e96e1c8b-f518db16-255fb2c5-20285a5a-460cda34&_nocache=1604019391532291164 HTTP/1.1" 200 41126
::1 - - [29/Oct/2020:21:56:33 -0300] "GET /phpmyadmin/sql.php?sql_query=DROP+DATABASE+%60hotel%60&back=db_operations.php&goto=index.php&reload=1&purge=1&message_to_show=A+base+de+dados+%60hotel%60+foi+eliminada.&token=2611874af8c65d095dc64a905d67128b&is_js_confirmed=1&ajax_request=true&_nocache=1604019393641962309 HTTP/1.1" 200 202
::1 - - [29/Oct/2020:21:56:37 -0300] "GET /phpmyadmin/db_sql.php?db=hotel&token=2611874af8c65d095dc64a905d67128b&db_query_force=1&ajax_request=true&ajax_page_request=true&menuHashes=25379530-e96e1c8b-f518db16-255fb2c5-20285a5a-460cda34-c1ea0cf2&_nocache=1604019397880378723 HTTP/1.1" 200 3976
::1 - - [29/Oct/2020:21:56:46 -0300] "GET /phpmyadmin/db_structure.php?server=1&db=atividade&token=2611874af8c65d095dc64a905d67128b&ajax_request=true&ajax_page_request=true&menuHashes=25379530-e96e1c8b-f518db16-255fb2c5-20285a5a-460cda34-c1ea0cf2&_nocache=1604019406282945584 HTTP/1.1" 200 5737
::1 - - [29/Oct/2020:21:56:48 -0300] "GET /phpmyadmin/db_operations.php?db=atividade&token=2611874af8c65d095dc64a905d67128b&ajax_request=true&ajax_page_request=true&menuHashes=25379530-f518db16-255fb2c5-20285a5a-460cda34-c1ea0cf2-1d4bb944&_nocache=1604019408156557595 HTTP/1.1" 200 41222
::1 - - [29/Oct/2020:21:56:49 -0300] "GET /phpmyadmin/sql.php?sql_query=DROP+DATABASE+%60atividade%60&back=db_operations.php&goto=index.php&reload=1&purge=1&message_to_show=A+base+de+dados+%60atividade%60+foi+eliminada.&token=2611874af8c65d095dc64a905d67128b&is_js_confirmed=1&ajax_request=true&_nocache=1604019409980976230 HTTP/1.1" 200 206
::1 - - [29/Oct/2020:21:57:27 -0300] "GET /phpmyadmin/index.php?token=2611874af8c65d095dc64a905d67128b HTTP/1.1" 200 46764
::1 - - [29/Oct/2020:21:57:27 -0300] "GET /phpmyadmin/db_operations.php?db=atividade&table=&server=1&target=&token=2611874af8c65d095dc64a905d67128b HTTP/1.1" 302 11228
::1 - - [29/Oct/2020:21:57:28 -0300] "GET /phpmyadmin/index.php?token=2611874af8c65d095dc64a905d67128b&reload=1 HTTP/1.1" 200 46764
::1 - - [29/Oct/2020:21:57:28 -0300] "GET /phpmyadmin/version_check.php?&_nocache=160401944833054647 HTTP/1.1" 200 39
::1 - - [29/Oct/2020:21:57:40 -0300] "GET /phpmyadmin/db_structure.php?server=1&db=autoescola&token=2611874af8c65d095dc64a905d67128b&ajax_request=true&ajax_page_request=true&menuHashes=97ff3884&_nocache=1604019460177959718 HTTP/1.1" 200 24463
::1 - - [29/Oct/2020:21:57:43 -0300] "GET /phpmyadmin/sql.php?db=autoescola&token=2611874af8c65d095dc64a905d67128b&goto=db_structure.php&table=tb_login&pos=0&ajax_request=true&ajax_page_request=true&menuHashes=97ff3884-779ac869&_nocache=1604019463071543472 HTTP/1.1" 200 24896
::1 - - [29/Oct/2020:21:57:43 -0300] "GET /phpmyadmin/index.php?ajax_request=1&recent_table=1&token=2611874af8c65d095dc64a905d67128b HTTP/1.1" 200 223
::1 - - [29/Oct/2020:21:57:56 -0300] "POST /ADSoftware/teste%20(2)/logar.php HTTP/1.1" 200 220
::1 - - [29/Oct/2020:21:57:58 -0300] "GET /ADSoftware/teste%20(2)/visualizaAulas.php HTTP/1.1" 200 1235
::1 - - [29/Oct/2020:21:59:01 -0300] "GET /phpmyadmin/db_structure.php?server=1&db=autoescola&token=2611874af8c65d095dc64a905d67128b&ajax_request=true&ajax_page_request=true&menuHashes=97ff3884-779ac869-4a198212&_nocache=1604019541576591133 HTTP/1.1" 200 21195
::1 - - [29/Oct/2020:21:59:03 -0300] "GET /phpmyadmin/sql.php?db=autoescola&token=2611874af8c65d095dc64a905d67128b&goto=db_structure.php&table=tb_aula&pos=0&ajax_request=true&ajax_page_request=true&menuHashes=97ff3884-779ac869-4a198212&_nocache=1604019543027970576 HTTP/1.1" 200 20809
::1 - - [29/Oct/2020:21:59:03 -0300] "GET /phpmyadmin/index.php?ajax_request=1&recent_table=1&token=2611874af8c65d095dc64a905d67128b HTTP/1.1" 200 351
::1 - - [29/Oct/2020:21:59:16 -0300] "POST /phpmyadmin/tbl_replace.php HTTP/1.1" 200 3424
::1 - - [29/Oct/2020:21:59:19 -0300] "GET /ADSoftware/teste%20(2)/visualizaAulas.php HTTP/1.1" 200 1235
::1 - - [29/Oct/2020:21:59:29 -0300] "GET /ADSoftware/teste%20(2)/agendamento.php HTTP/1.1" 200 886
::1 - - [29/Oct/2020:21:59:33 -0300] "GET /ADSoftware/teste%20(2)/visualizaAulas.php HTTP/1.1" 200 1235
::1 - - [29/Oct/2020:21:59:35 -0300] "GET /ADSoftware/teste%20(2)/agendamento.php HTTP/1.1" 200 759
::1 - - [29/Oct/2020:21:59:48 -0300] "POST /ADSoftware/teste%20(2)/logar.php HTTP/1.1" 200 220
::1 - - [29/Oct/2020:21:59:51 -0300] "GET /ADSoftware/teste%20(2)/visualizaAulas.php HTTP/1.1" 200 1235
::1 - - [29/Oct/2020:22:00:37 -0300] "GET /phpmyadmin/db_structure.php?server=1&db=autoescola&token=2611874af8c65d095dc64a905d67128b&ajax_request=true&ajax_page_request=true&menuHashes=97ff3884-779ac869-4a198212-4dac1421&_nocache=1604019637072384537 HTTP/1.1" 200 21196
::1 - - [29/Oct/2020:22:00:38 -0300] "GET /phpmyadmin/sql.php?db=autoescola&token=2611874af8c65d095dc64a905d67128b&goto=db_structure.php&table=tb_login&pos=0&ajax_request=true&ajax_page_request=true&menuHashes=97ff3884-779ac869-4a198212-4dac1421&_nocache=160401963834567359 HTTP/1.1" 200 21753
::1 - - [29/Oct/2020:22:00:38 -0300] "GET /phpmyadmin/index.php?ajax_request=1&recent_table=1&token=2611874af8c65d095dc64a905d67128b HTTP/1.1" 200 351
::1 - - [29/Oct/2020:22:00:56 -0300] "POST /ADSoftware/teste%20(2)/logar.php HTTP/1.1" 200 207
::1 - - [29/Oct/2020:22:00:59 -0300] "GET /ADSoftware/teste%20(2)/visualizaAulas.php HTTP/1.1" 200 1235
::1 - - [29/Oct/2020:22:01:23 -0300] "POST /ADSoftware/teste%20(2)/logar.php HTTP/1.1" 200 235
::1 - - [29/Oct/2020:22:01:41 -0300] "POST /ADSoftware/teste%20(2)/logar.php HTTP/1.1" 200 235
::1 - - [29/Oct/2020:22:01:52 -0300] "POST /ADSoftware/teste%20(2)/logar.php HTTP/1.1" 200 235
::1 - - [29/Oct/2020:22:03:11 -0300] "POST /ADSoftware/teste%20(2)/logar.php HTTP/1.1" 200 330
::1 - - [29/Oct/2020:22:03:16 -0300] "GET /ADSoftware/teste%20(2)/agendaAula.php HTTP/1.1" 200 3159
::1 - - [29/Oct/2020:22:03:16 -0300] "GET /ADSoftware/teste%20(2)/deletar_usuario.png HTTP/1.1" 200 854
::1 - - [29/Oct/2020:22:03:16 -0300] "GET /ADSoftware/teste%20(2)/icons8-selecionado-24.png HTTP/1.1" 200 572
::1 - - [29/Oct/2020:22:03:19 -0300] "GET /ADSoftware/teste%20(2)/agendaAula.php?apagar=%27%27 HTTP/1.1" 200 98
::1 - - [29/Oct/2020:22:03:20 -0300] "GET /ADSoftware/teste%20(2)/agendaAula.php HTTP/1.1" 200 2060
::1 - - [29/Oct/2020:22:04:03 -0300] "GET /ADSoftware/teste%20(2)/listagem.php HTTP/1.1" 200 4627
::1 - - [29/Oct/2020:22:04:03 -0300] "GET /ADSoftware/teste%20(2)/edicao_usuario.png HTTP/1.1" 200 588
