2019-11-13 14:40:38 4776 [Note] Plugin 'FEDERATED' is disabled.
2019-11-13 14:40:38 4776 [Note] InnoDB: The InnoDB memory heap is disabled
2019-11-13 14:40:38 4776 [Note] InnoDB: Mutexes and rw_locks use Windows interlocked functions
2019-11-13 14:40:38 4776 [Note] InnoDB: Compressed tables use zlib 1.2.3
2019-11-13 14:40:38 4776 [Note] InnoDB: Not using CPU crc32 instructions
2019-11-13 14:40:38 4776 [Note] InnoDB: Initializing buffer pool, size = 128.0M
2019-11-13 14:40:38 4776 [Note] InnoDB: Completed initialization of buffer pool
2019-11-13 14:40:39 4776 [Note] InnoDB: Highest supported file format is Barracuda.
2019-11-13 14:40:39 4776 [Note] InnoDB: The log sequence numbers 1626134 and 1626134 in ibdata files do not match the log sequence number 2197536 in the ib_logfiles!
2019-11-13 14:40:39 4776 [Note] InnoDB: Database was not shutdown normally!
2019-11-13 14:40:39 4776 [Note] InnoDB: Starting crash recovery.
2019-11-13 14:40:39 4776 [Note] InnoDB: Reading tablespace information from the .ibd files...
2019-11-13 14:40:39 4776 [Note] InnoDB: Restoring possible half-written data pages 
2019-11-13 14:40:39 4776 [Note] InnoDB: from the doublewrite buffer...
2019-11-13 14:40:41 4776 [ERROR] InnoDB: Table aula1/alunos in the InnoDB data dictionary has tablespace id 10, but tablespace with that id or name does not exist. Have you deleted or moved .ibd files? This may also be a table created with CREATE TEMPORARY TABLE whose .ibd and .frm files MySQL automatically removed, but the table still exists in the InnoDB internal data dictionary.
InnoDB: Please refer to
InnoDB: http://dev.mysql.com/doc/refman/5.6/en/innodb-troubleshooting-datadict.html
InnoDB: for how to resolve the issue.
2019-11-13 14:40:41 4776 [ERROR] InnoDB: Table cliente/fornecedor in the InnoDB data dictionary has tablespace id 8, but tablespace with that id or name does not exist. Have you deleted or moved .ibd files? This may also be a table created with CREATE TEMPORARY TABLE whose .ibd and .frm files MySQL automatically removed, but the table still exists in the InnoDB internal data dictionary.
InnoDB: Please refer to
InnoDB: http://dev.mysql.com/doc/refman/5.6/en/innodb-troubleshooting-datadict.html
InnoDB: for how to resolve the issue.
2019-11-13 14:40:41 4776 [ERROR] InnoDB: Table cliente/funcionario in the InnoDB data dictionary has tablespace id 13, but tablespace with that id or name does not exist. Have you deleted or moved .ibd files? This may also be a table created with CREATE TEMPORARY TABLE whose .ibd and .frm files MySQL automatically removed, but the table still exists in the InnoDB internal data dictionary.
InnoDB: Please refer to
InnoDB: http://dev.mysql.com/doc/refman/5.6/en/innodb-troubleshooting-datadict.html
InnoDB: for how to resolve the issue.
2019-11-13 14:40:41 4776 [ERROR] InnoDB: Table cliente/produto in the InnoDB data dictionary has tablespace id 12, but tablespace with that id or name does not exist. Have you deleted or moved .ibd files? This may also be a table created with CREATE TEMPORARY TABLE whose .ibd and .frm files MySQL automatically removed, but the table still exists in the InnoDB internal data dictionary.
InnoDB: Please refer to
InnoDB: http://dev.mysql.com/doc/refman/5.6/en/innodb-troubleshooting-datadict.html
InnoDB: for how to resolve the issue.
2019-11-13 14:40:41 4776 [ERROR] InnoDB: Table cliente/vendas in the InnoDB data dictionary has tablespace id 11, but tablespace with that id or name does not exist. Have you deleted or moved .ibd files? This may also be a table created with CREATE TEMPORARY TABLE whose .ibd and .frm files MySQL automatically removed, but the table still exists in the InnoDB internal data dictionary.
InnoDB: Please refer to
InnoDB: http://dev.mysql.com/doc/refman/5.6/en/innodb-troubleshooting-datadict.html
InnoDB: for how to resolve the issue.
2019-11-13 14:40:41 4776 [ERROR] InnoDB: Table cliente1/alunos in the InnoDB data dictionary has tablespace id 14, but tablespace with that id or name does not exist. Have you deleted or moved .ibd files? This may also be a table created with CREATE TEMPORARY TABLE whose .ibd and .frm files MySQL automatically removed, but the table still exists in the InnoDB internal data dictionary.
InnoDB: Please refer to
InnoDB: http://dev.mysql.com/doc/refman/5.6/en/innodb-troubleshooting-datadict.html
InnoDB: for how to resolve the issue.
2019-11-13 14:40:41 4776 [ERROR] InnoDB: Table escola/alunos in the InnoDB data dictionary has tablespace id 15, but tablespace with that id or name does not exist. Have you deleted or moved .ibd files? This may also be a table created with CREATE TEMPORARY TABLE whose .ibd and .frm files MySQL automatically removed, but the table still exists in the InnoDB internal data dictionary.
InnoDB: Please refer to
InnoDB: http://dev.mysql.com/doc/refman/5.6/en/innodb-troubleshooting-datadict.html
InnoDB: for how to resolve the issue.
2019-11-13 14:40:41 4776 [ERROR] InnoDB: Table escola/funcionarios in the InnoDB data dictionary has tablespace id 16, but tablespace with that id or name does not exist. Have you deleted or moved .ibd files? This may also be a table created with CREATE TEMPORARY TABLE whose .ibd and .frm files MySQL automatically removed, but the table still exists in the InnoDB internal data dictionary.
InnoDB: Please refer to
InnoDB: http://dev.mysql.com/doc/refman/5.6/en/innodb-troubleshooting-datadict.html
InnoDB: for how to resolve the issue.
2019-11-13 14:40:41 4776 [Note] InnoDB: 128 rollback segment(s) are active.
2019-11-13 14:40:41 4776 [Note] InnoDB: Waiting for purge to start
2019-11-13 14:40:41 4776 [Note] InnoDB: 5.6.13 started; log sequence number 2197536
2019-11-13 14:40:41 4776 [Note] Server hostname (bind-address): '*'; port: 3307
2019-11-13 14:40:41 4776 [Note] IPv6 is available.
2019-11-13 14:40:41 4776 [Note]   - '::' resolves to '::';
2019-11-13 14:40:41 4776 [Note] Server socket created on IP: '::'.
2019-11-13 14:40:42 4776 [Note] Event Scheduler: Loaded 0 events
2019-11-13 14:40:42 4776 [Note] F:\ADSoftware/mysql/bin/mysqld_usbwv8.exe: ready for connections.
Version: '5.6.13'  socket: ''  port: 3307  MySQL Community Server (GPL)
